# JRE version: Java(TM) SE Runtime Environment (8.0_66-b17) (build 1.8.0_66-b17)
# Java VM: Java HotSpot(TM) 64-Bit Server VM (25.66-b17 mixed mode bsd-amd64 compressed oops)
Heap:
 PSYoungGen      total 41472K, used 8948K [0x0000000795580000, 0x0000000798880000, 0x00000007c0000000)
  eden space 31744K, 3% used [0x0000000795580000,0x0000000795697850,0x0000000797480000)
  from space 9728K, 80% used [0x0000000797500000,0x0000000797ca5880,0x0000000797e80000)
  to   space 10240K, 0% used [0x0000000797e80000,0x0000000797e80000,0x0000000798880000)
 ParOldGen       total 87552K, used 8870K [0x0000000740000000, 0x0000000745580000, 0x0000000795580000)
  object space 87552K, 10% used [0x0000000740000000,0x00000007408a9b58,0x0000000745580000)
 Metaspace       used 18691K, capacity 19700K, committed 19968K, reserved 1067008K
  class space    used 2312K, capacity 2770K, committed 2816K, reserved 1048576K
GC Heap History (10 events):
Event: 1810.476 GC heap before
{Heap before GC invocations=3 (full 0):
 PSYoungGen      total 38400K, used 38375K [0x0000000795580000, 0x0000000798000000, 0x00000007c0000000)
  eden space 33280K, 100% used [0x0000000795580000,0x0000000797600000,0x0000000797600000)
  from space 5120K, 99% used [0x0000000797b00000,0x0000000797ff9e60,0x0000000798000000)
  to   space 5120K, 0% used [0x0000000797600000,0x0000000797600000,0x0000000797b00000)
 ParOldGen       total 87552K, used 735K [0x0000000740000000, 0x0000000745580000, 0x0000000795580000)
  object space 87552K, 0% used [0x0000000740000000,0x00000007400b7cd0,0x0000000745580000)
 Metaspace       used 16783K, capacity 17182K, committed 17408K, reserved 1064960K
  class space    used 2024K, capacity 2212K, committed 2304K, reserved 1048576K
Event: 1810.486 GC heap after
Heap after GC invocations=3 (full 0):
 PSYoungGen      total 38400K, used 5114K [0x0000000795580000, 0x0000000798000000, 0x00000007c0000000)
  eden space 33280K, 0% used [0x0000000795580000,0x0000000795580000,0x0000000797600000)
  from space 5120K, 99% used [0x0000000797600000,0x0000000797afe9b8,0x0000000797b00000)
  to   space 5120K, 0% used [0x0000000797b00000,0x0000000797b00000,0x0000000798000000)
 ParOldGen       total 87552K, used 1771K [0x0000000740000000, 0x0000000745580000, 0x0000000795580000)
  object space 87552K, 2% used [0x0000000740000000,0x00000007401bafe8,0x0000000745580000)
 Metaspace       used 16783K, capacity 17182K, committed 17408K, reserved 1064960K
  class space    used 2024K, capacity 2212K, committed 2304K, reserved 1048576K
}
Event: 1851.689 GC heap before
{Heap before GC invocations=4 (full 0):
 PSYoungGen      total 38400K, used 38394K [0x0000000795580000, 0x0000000798000000, 0x00000007c0000000)
  eden space 33280K, 100% used [0x0000000795580000,0x0000000797600000,0x0000000797600000)
  from space 5120K, 99% used [0x0000000797600000,0x0000000797afe9b8,0x0000000797b00000)
  to   space 5120K, 0% used [0x0000000797b00000,0x0000000797b00000,0x0000000798000000)
 ParOldGen       total 87552K, used 1771K [0x0000000740000000, 0x0000000745580000, 0x0000000795580000)
  object space 87552K, 2% used [0x0000000740000000,0x00000007401bafe8,0x0000000745580000)
 Metaspace       used 17057K, capacity 17498K, committed 17664K, reserved 1064960K
  class space    used 2044K, capacity 2294K, committed 2304K, reserved 1048576K
Event: 1851.699 GC heap after
Heap after GC invocations=4 (full 0):
 PSYoungGen      total 38400K, used 5114K [0x0000000795580000, 0x0000000798000000, 0x00000007c0000000)
  eden space 33280K, 0% used [0x0000000795580000,0x0000000795580000,0x0000000797600000)
  from space 5120K, 99% used [0x0000000797b00000,0x0000000797ffe9a8,0x0000000798000000)
  to   space 5120K, 0% used [0x0000000797600000,0x0000000797600000,0x0000000797b00000)
 ParOldGen       total 87552K, used 4500K [0x0000000740000000, 0x0000000745580000, 0x0000000795580000)
  object space 87552K, 5% used [0x0000000740000000,0x00000007404652a8,0x0000000745580000)
 Metaspace       used 17057K, capacity 17498K, committed 17664K, reserved 1064960K
  class space    used 2044K, capacity 2294K, committed 2304K, reserved 1048576K
}
Event: 1903.187 GC heap before
{Heap before GC invocations=5 (full 0):
 PSYoungGen      total 38400K, used 38394K [0x0000000795580000, 0x0000000798000000, 0x00000007c0000000)
  eden space 33280K, 100% used [0x0000000795580000,0x0000000797600000,0x0000000797600000)
  from space 5120K, 99% used [0x0000000797b00000,0x0000000797ffe9a8,0x0000000798000000)
  to   space 5120K, 0% used [0x0000000797600000,0x0000000797600000,0x0000000797b00000)
 ParOldGen       total 87552K, used 4500K [0x0000000740000000, 0x0000000745580000, 0x0000000795580000)
  object space 87552K, 5% used [0x0000000740000000,0x00000007404652a8,0x0000000745580000)
 Metaspace       used 18297K, capacity 18778K, committed 18944K, reserved 1064960K
  class space    used 2239K, capacity 2486K, committed 2560K, reserved 1048576K
Event: 1903.196 GC heap after
Heap after GC invocations=5 (full 0):
 PSYoungGen      total 37888K, used 5088K [0x0000000795580000, 0x0000000798880000, 0x00000007c0000000)
  eden space 32768K, 0% used [0x0000000795580000,0x0000000795580000,0x0000000797580000)
  from space 5120K, 99% used [0x0000000797600000,0x0000000797af8020,0x0000000797b00000)
  to   space 9728K, 0% used [0x0000000797f00000,0x0000000797f00000,0x0000000798880000)
 ParOldGen       total 87552K, used 7237K [0x0000000740000000, 0x0000000745580000, 0x0000000795580000)
  object space 87552K, 8% used [0x0000000740000000,0x0000000740711688,0x0000000745580000)
 Metaspace       used 18297K, capacity 18778K, committed 18944K, reserved 1064960K
  class space    used 2239K, capacity 2486K, committed 2560K, reserved 1048576K
}
Event: 3541.448 GC heap before
{Heap before GC invocations=6 (full 0):
 PSYoungGen      total 37888K, used 37856K [0x0000000795580000, 0x0000000798880000, 0x00000007c0000000)
  eden space 32768K, 100% used [0x0000000795580000,0x0000000797580000,0x0000000797580000)
  from space 5120K, 99% used [0x0000000797600000,0x0000000797af8020,0x0000000797b00000)
  to   space 9728K, 0% used [0x0000000797f00000,0x0000000797f00000,0x0000000798880000)
 ParOldGen       total 87552K, used 7237K [0x0000000740000000, 0x0000000745580000, 0x0000000795580000)
  object space 87552K, 8% used [0x0000000740000000,0x0000000740711688,0x0000000745580000)
 Metaspace       used 18417K, capacity 18960K, committed 19328K, reserved 1067008K
  class space    used 2260K, capacity 2567K, committed 2688K, reserved 1048576K
Event: 3541.458 GC heap after
Heap after GC invocations=6 (full 0):
 PSYoungGen      total 41472K, used 7742K [0x0000000795580000, 0x0000000798800000, 0x00000007c0000000)
  eden space 32256K, 0% used [0x0000000795580000,0x0000000795580000,0x0000000797500000)
  from space 9216K, 84% used [0x0000000797f00000,0x000000079868fa60,0x0000000798800000)
  to   space 9728K, 0% used [0x0000000797500000,0x0000000797500000,0x0000000797e80000)
 ParOldGen       total 87552K, used 7245K [0x0000000740000000, 0x0000000745580000, 0x0000000795580000)
  object space 87552K, 8% used [0x0000000740000000,0x0000000740713688,0x0000000745580000)
 Metaspace       used 18417K, capacity 18960K, committed 19328K, reserved 1067008K
  class space    used 2260K, capacity 2567K, committed 2688K, reserved 1048576K
}
Event: 7343.774 GC heap before
{Heap before GC invocations=7 (full 0):
 PSYoungGen      total 41472K, used 39998K [0x0000000795580000, 0x0000000798800000, 0x00000007c0000000)
  eden space 32256K, 100% used [0x0000000795580000,0x0000000797500000,0x0000000797500000)
  from space 9216K, 84% used [0x0000000797f00000,0x000000079868fa60,0x0000000798800000)
  to   space 9728K, 0% used [0x0000000797500000,0x0000000797500000,0x0000000797e80000)
 ParOldGen       total 87552K, used 7245K [0x0000000740000000, 0x0000000745580000, 0x0000000795580000)
  object space 87552K, 8% used [0x0000000740000000,0x0000000740713688,0x0000000745580000)
 Metaspace       used 18691K, capacity 19700K, committed 19968K, reserved 1067008K
  class space    used 2312K, capacity 2770K, committed 2816K, reserved 1048576K
Event: 7343.784 GC heap after
Heap after GC invocations=7 (full 0):
 PSYoungGen      total 41472K, used 7830K [0x0000000795580000, 0x0000000798880000, 0x00000007c0000000)
  eden space 31744K, 0% used [0x0000000795580000,0x0000000795580000,0x0000000797480000)
  from space 9728K, 80% used [0x0000000797500000,0x0000000797ca5880,0x0000000797e80000)
  to   space 10240K, 0% used [0x0000000797e80000,0x0000000797e80000,0x0000000798880000)
 ParOldGen       total 87552K, used 8870K [0x0000000740000000, 0x0000000745580000, 0x0000000795580000)
  object space 87552K, 10% used [0x0000000740000000,0x00000007408a9b58,0x0000000745580000)
 Metaspace       used 18691K, capacity 19700K, committed 19968K, reserved 1067008K
  class space    used 2312K, capacity 2770K, committed 2816K, reserved 1048576K
}

